<?xml version="1.0" encoding="UTF-8"?>
<testng-results ignored="0" total="6" passed="6" failed="0" skipped="0">
  <reporter-output>
  </reporter-output>
  <suite started-at="2024-04-02T11:02:27 IST" name="Default suite" finished-at="2024-04-02T11:03:30 IST" duration-ms="62691">
    <groups>
      <group name="cucumber">
        <method signature="AbstractTestNGCucumberTests.runScenario(io.cucumber.testng.PickleWrapper,io.cucumber.testng.FeatureWrapper)[pri:0, instance:Runner.RedbusRunnerClass@353352b6]" name="runScenario" class="io.cucumber.testng.AbstractTestNGCucumberTests"/>
      </group> <!-- cucumber -->
    </groups>
    <test started-at="2024-04-02T11:02:27 IST" name="Default test" finished-at="2024-04-02T11:03:30 IST" duration-ms="62691">
      <class name="Runner.RedbusRunnerClass">
        <test-method is-config="true" signature="setUpClass(org.testng.ITestContext)[pri:0, instance:Runner.RedbusRunnerClass@353352b6]" started-at="2024-04-02T11:02:27 IST" name="setUpClass" finished-at="2024-04-02T11:02:28 IST" duration-ms="791" status="PASS">
          <params>
            <param index="0">
              <value>
                <![CDATA[org.testng.TestRunner@61993d18]]>
              </value>
            </param>
          </params>
          <reporter-output>
          </reporter-output>
        </test-method> <!-- setUpClass -->
        <test-method signature="runScenario(io.cucumber.testng.PickleWrapper,io.cucumber.testng.FeatureWrapper)[pri:0, instance:Runner.RedbusRunnerClass@353352b6]" started-at="2024-04-02T11:02:28 IST" name="runScenario" description="Runs Cucumber Scenarios" data-provider="scenarios" finished-at="2024-04-02T11:02:44 IST" duration-ms="15373" status="PASS">
          <params>
            <param index="0">
              <value>
                <![CDATA["Search for buses"]]>
              </value>
            </param>
            <param index="1">
              <value>
                <![CDATA["RedBus App Home Page Functionality"]]>
              </value>
            </param>
          </params>
          <reporter-output>
          </reporter-output>
        </test-method> <!-- runScenario -->
        <test-method signature="runScenario(io.cucumber.testng.PickleWrapper,io.cucumber.testng.FeatureWrapper)[pri:0, instance:Runner.RedbusRunnerClass@353352b6]" started-at="2024-04-02T11:02:44 IST" name="runScenario" description="Runs Cucumber Scenarios" data-provider="scenarios" finished-at="2024-04-02T11:02:53 IST" duration-ms="8995" status="PASS">
          <params>
            <param index="0">
              <value>
                <![CDATA["User searches for train tickets"]]>
              </value>
            </param>
            <param index="1">
              <value>
                <![CDATA["RedBus App Home Page Functionality"]]>
              </value>
            </param>
          </params>
          <reporter-output>
          </reporter-output>
        </test-method> <!-- runScenario -->
        <test-method signature="runScenario(io.cucumber.testng.PickleWrapper,io.cucumber.testng.FeatureWrapper)[pri:0, instance:Runner.RedbusRunnerClass@353352b6]" started-at="2024-04-02T11:02:53 IST" name="runScenario" description="Runs Cucumber Scenarios" data-provider="scenarios" finished-at="2024-04-02T11:02:59 IST" duration-ms="6714" status="PASS">
          <params>
            <param index="0">
              <value>
                <![CDATA["Enjoy the App Picture display"]]>
              </value>
            </param>
            <param index="1">
              <value>
                <![CDATA["RedBus App Home Page Functionality"]]>
              </value>
            </param>
          </params>
          <reporter-output>
          </reporter-output>
        </test-method> <!-- runScenario -->
        <test-method signature="runScenario(io.cucumber.testng.PickleWrapper,io.cucumber.testng.FeatureWrapper)[pri:0, instance:Runner.RedbusRunnerClass@353352b6]" started-at="2024-04-02T11:02:59 IST" name="runScenario" description="Runs Cucumber Scenarios" data-provider="scenarios" finished-at="2024-04-02T11:03:09 IST" duration-ms="9842" status="PASS">
          <params>
            <param index="0">
              <value>
                <![CDATA["View Partnered with"]]>
              </value>
            </param>
            <param index="1">
              <value>
                <![CDATA["RedBus App Home Page Functionality"]]>
              </value>
            </param>
          </params>
          <reporter-output>
          </reporter-output>
        </test-method> <!-- runScenario -->
        <test-method signature="runScenario(io.cucumber.testng.PickleWrapper,io.cucumber.testng.FeatureWrapper)[pri:0, instance:Runner.RedbusRunnerClass@353352b6]" started-at="2024-04-02T11:03:09 IST" name="runScenario" description="Runs Cucumber Scenarios" data-provider="scenarios" finished-at="2024-04-02T11:03:18 IST" duration-ms="9010" status="PASS">
          <params>
            <param index="0">
              <value>
                <![CDATA["View Private bus operators"]]>
              </value>
            </param>
            <param index="1">
              <value>
                <![CDATA["RedBus App Home Page Functionality"]]>
              </value>
            </param>
          </params>
          <reporter-output>
          </reporter-output>
        </test-method> <!-- runScenario -->
        <test-method signature="runScenario(io.cucumber.testng.PickleWrapper,io.cucumber.testng.FeatureWrapper)[pri:0, instance:Runner.RedbusRunnerClass@353352b6]" started-at="2024-04-02T11:03:18 IST" name="runScenario" description="Runs Cucumber Scenarios" data-provider="scenarios" finished-at="2024-04-02T11:03:26 IST" duration-ms="8029" status="PASS">
          <params>
            <param index="0">
              <value>
                <![CDATA["Verify the display of country selector on home page"]]>
              </value>
            </param>
            <param index="1">
              <value>
                <![CDATA["RedBus App Home Page Functionality"]]>
              </value>
            </param>
          </params>
          <reporter-output>
          </reporter-output>
        </test-method> <!-- runScenario -->
        <test-method is-config="true" signature="tearDownClass()[pri:0, instance:Runner.RedbusRunnerClass@353352b6]" started-at="2024-04-02T11:03:26 IST" name="tearDownClass" finished-at="2024-04-02T11:03:30 IST" duration-ms="3876" status="PASS">
          <reporter-output>
          </reporter-output>
        </test-method> <!-- tearDownClass -->
      </class> <!-- Runner.RedbusRunnerClass -->
    </test> <!-- Default test -->
  </suite> <!-- Default suite -->
</testng-results>
